0 [140102878010240] INFO perfrun.launcher <> - Launcher main begin
1 [140102878010240] INFO perfrun.launcher <> - MessageCatalogInit finished
1 [140102878010240] INFO perfrun.launcher <> - Launcher instance created
1 [140102878010240] INFO perfrun.launcher <> - argc = 7; cmdline = /opt/intel/oneapi/vtune/2025.0/bin64/amplxe-runss --ui-output-format xml --ui-output-fd 5 --option-file /home/liugu/HowToOptimizeGemm/r009hs/config/runss.options 
25 [140102878010240] INFO perfrun.perfcollector <> - SEP tool path: /opt/intel/oneapi/vtune/2025.0/bin64/sep
34 [140102878010240] INFO perfrun.launcher <> - create msngr2::ICliToolContext
35 [140102878010240] INFO perfrun.launcher <> - create file finder object
35 [140102878010240] INFO perfrun.launcher <> - create a result directory: pattern = /home/liugu/HowToOptimizeGemm/r009hs pid = 4294967295
35 [140102878010240] INFO perfrun.sdk <> - checked that the directory /home/liugu/HowToOptimizeGemm/r009hs is a local directory
35 [140102878010240] INFO perfrun.sdk <> - the directory /home/liugu/HowToOptimizeGemm/r009hs is a local directory with FS type ID 61267
36 [140102878010240] INFO perfrun.launcher <> - create data directory = /home/liugu/HowToOptimizeGemm/r009hs/data.0
36 [140102878010240] INFO perfrun.launcher <> - Creating the master collection flag
37 [140102878010240] INFO perfrun.launcher <> - Done creating the master collection flag
38 [140102724478528] INFO perfrun.launcher <> - plugin [remoteplug] was disabled because it doesn't support the given collection type.
38 [140102724478528] INFO perfrun.sdk <> - Allocating TMU :/home/liugu/HowToOptimizeGemm/r009hs/data.0/systemcollector-19585-DESKTOP-951MV7V.sc
38 [140102724478528] INFO perfrun.system <> - Tpss based collection
38 [140102724478528] INFO perfrun.launcher <> - plugin [ptracecollector] was disabled because it doesn't support the given collection type.
38 [140102724478528] INFO perfrun.launcher <> - plugin [gpu] was disabled because it doesn't support the given collection type.
38 [140102724478528] INFO perfrun.launcher <> - plugin [] was disabled because it doesn't support the given collection type.
38 [140102724478528] INFO perfrun.launcher <> - plugin [] was disabled because it doesn't support the given collection type.
38 [140102724478528] INFO perfrun.launcher <> - plugin [] was disabled because it doesn't support the given collection type.
38 [140102724478528] INFO perfrun.mrte <> - system-wide mode is 0
38 [140102724478528] INFO perfrun.mrte <> - Getting  mrte profiling environment ...
44 [140102724478528] INFO perfrun.mrte <> - INTEL_MRTE_DATA_DIR=/home/liugu/HowToOptimizeGemm/r009hs/data.0
44 [140102724478528] INFO perfrun.mrte <> - INTEL_MRTE_HOST_NAME=DESKTOP-951MV7V
44 [140102724478528] INFO perfrun.mrte <> - JAVA_TOOL_OPTIONS=-agentlib:amplxe_samplingmrte_javaprof_1.0 -Dsun.boot.library.path=/opt/intel/oneapi/vtune/2025.0/lib32/runtime:/opt/intel/oneapi/vtune/2025.0/lib64/runtime
44 [140102724478528] INFO perfrun.mrte <> - LD_LIBRARY_PATH=/opt/intel/oneapi/vtune/2025.0/lib32/runtime:/opt/intel/oneapi/vtune/2025.0/lib64/runtime
44 [140102724478528] INFO perfrun.mrte <> - CORECLR_ENABLE_PROFILING=1
44 [140102724478528] INFO perfrun.mrte <> - CORECLR_PROFILER={AA5E4821-E3B1-479c-B7FF-5AD047D22CED}
44 [140102724478528] INFO perfrun.mrte <> - CORECLR_PROFILER_PATH=/opt/intel/oneapi/vtune/2025.0/lib64/libamplxe_samplingmrte_clrprof_1.0.so
44 [140102724478528] INFO perfrun.mrte <> - INTEL_MRTE_PROFILER_MODE=mixed
44 [140102724478528] INFO perfrun.mrte <> - Data directory: /home/liugu/HowToOptimizeGemm/r009hs/data.0
44 [140102724478528] INFO perfrun.mrte <> - Mrte plugin is initialized
44 [140102724478528] INFO perfrun.launcher <> - plugin [emon] was disabled because it doesn't support the given collection type.
44 [140102724478528] INFO perfrun.launcher <> - plugin [cuscol] was disabled because it doesn't support the given collection type.
44 [140102724478528] INFO perfrun.launcher <> - plugin [stdsrc] was disabled because it doesn't support the given collection type.
44 [140102724478528] INFO perfrun.launcher <> - plugin [sep] was disabled because it doesn't support the given collection type.
44 [140102724478528] INFO perfrun.launcher <> - plugin [vtsspp] was disabled because it doesn't support the given collection type.
44 [140102724478528] INFO perfrun.launcher <> - plugin [perf] was disabled because it doesn't support the given collection type.
44 [140102724478528] INFO perfrun.launcher <> - plugin [aoclprofile] was disabled because it doesn't support the given collection type.
44 [140102724478528] INFO perfrun.tpss <> - initialize tpss controller
44 [140102724478528] INFO perfrun.tpss <> - configure collection mode: value = cpu:counters:nostack
44 [140102724478528] INFO perfrun.tpss <> - configure collection mode: value = cpu:stack
44 [140102724478528] INFO perfrun.tpss <> - default obj-size-min=1024
44 [140102724478528] INFO perfrun.tpss <> - default hash-table-size=0
44 [140102724478528] INFO perfrun.launcher <> - plugin [media] was disabled because it doesn't support the given collection type.
44 [140102724478528] INFO perfrun.launcher <> - plugin [] was disabled because it doesn't support the given collection type.
44 [140102724478528] INFO perfrun.launcher <> - plugin [] was disabled because it doesn't support the given collection type.
44 [140102724478528] INFO perfrun.launcher <> - plugin [parallelfs] was disabled because it doesn't support the given collection type.
44 [140102724478528] INFO perfrun.launcher <> - plugin [power] was disabled because it doesn't support the given collection type.
44 [140102724478528] INFO perfrun.launcher <> - plugin [] was disabled because it doesn't support the given collection type.
44 [140102724478528] INFO perfrun.launcher <> - plugin [ipmwatch] was disabled because it doesn't support the given collection type.
44 [140102724478528] INFO perfrun.launcher <> - plugin [os_counters] was disabled because it doesn't support the given collection type.
44 [140102724478528] INFO perfrun.launcher <> - plugin [l0_metrics] was disabled because it doesn't support the given collection type.
44 [140102878010240] INFO perfrun.launcher <> - set environment variable: LD_LIBRARY_PATH = /opt/intel/oneapi/vtune/2025.0/lib32/runtime:/opt/intel/oneapi/vtune/2025.0/lib64/runtime
44 [140102878010240] INFO perfrun.launcher <> - set environment variable: INTEL_LIBITTNOTIFY32 = /opt/intel/oneapi/vtune/2025.0/lib32/runtime/libittnotify_collector.so
44 [140102878010240] INFO perfrun.launcher <> - set environment variable: INTEL_LIBITTNOTIFY64 = /opt/intel/oneapi/vtune/2025.0/lib64/runtime/libittnotify_collector.so
44 [140102878010240] INFO perfrun.launcher <> - set environment variable: INTEL_ITTNOTIFY_GROUPS = 
44 [140102878010240] INFO perfrun.launcher <> - set environment variable: INTEL_JIT_PROFILER32 = /opt/intel/oneapi/vtune/2025.0/lib32/runtime/libittnotify_collector.so
44 [140102878010240] INFO perfrun.launcher <> - set environment variable: INTEL_JIT_PROFILER64 = /opt/intel/oneapi/vtune/2025.0/lib64/runtime/libittnotify_collector.so
44 [140102878010240] INFO perfrun.launcher <> - set environment variable: CCL_ITT_LEVEL = 1
44 [140102878010240] INFO perfrun.launcher <> - set environment variable: ENABLE_JITPROFILING = 1
45 [140102878010240] INFO perfrun.launcher <> - set environment variable: CL_CONFIG_USE_VTUNE = True
45 [140102878010240] INFO perfrun.launcher <> - set environment variable: KMP_FORKJOIN_FRAMES = 0
45 [140102878010240] INFO perfrun.launcher <> - set environment variable: KMP_FORKJOIN_FRAMES_MODE = 0
45 [140102878010240] INFO perfrun.launcher <> - set environment variable: INTEL_MRTE_DATA_DIR = /home/liugu/HowToOptimizeGemm/r009hs/data.0
45 [140102878010240] INFO perfrun.launcher <> - set environment variable: INTEL_MRTE_HOST_NAME = DESKTOP-951MV7V
45 [140102878010240] INFO perfrun.launcher <> - set environment variable: JAVA_TOOL_OPTIONS = -agentlib:amplxe_samplingmrte_javaprof_1.0 -Dsun.boot.library.path=/opt/intel/oneapi/vtune/2025.0/lib32/runtime:/opt/intel/oneapi/vtune/2025.0/lib64/runtime
45 [140102878010240] INFO perfrun.launcher <> - set environment variable: LD_LIBRARY_PATH = /opt/intel/oneapi/vtune/2025.0/lib32/runtime:/opt/intel/oneapi/vtune/2025.0/lib64/runtime
45 [140102878010240] INFO perfrun.launcher <> - set environment variable: CORECLR_ENABLE_PROFILING = 1
45 [140102878010240] INFO perfrun.launcher <> - set environment variable: CORECLR_PROFILER = {AA5E4821-E3B1-479c-B7FF-5AD047D22CED}
45 [140102878010240] INFO perfrun.launcher <> - set environment variable: CORECLR_PROFILER_PATH = /opt/intel/oneapi/vtune/2025.0/lib64/libamplxe_samplingmrte_clrprof_1.0.so
45 [140102878010240] INFO perfrun.launcher <> - set environment variable: INTEL_MRTE_PROFILER_MODE = mixed
45 [140102878010240] INFO perfrun.launcher <> - RpcServer: run RPC server to handle requests
46 [140102878010240] INFO perfrun.launcher <> - Launcher: command line to start before modification = ./test_MMult.x
46 [140102878010240] INFO perfrun.launcher <> - Launcher: command line to start after modification = /opt/intel/oneapi/vtune/2025.0/bin64/pin -error_file /home/liugu/HowToOptimizeGemm/r009hs/data.0/pinerr.tpsslog -detach_reattach -follow_execv -tool_load_option deepbind -t64 /opt/intel/oneapi/vtune/2025.0/lib64/libtpsstool.so -t /opt/intel/oneapi/vtune/2025.0/lib32/libtpsstool.so -server_name tpss_ipc.19585 -prd_dir /opt/intel/oneapi/vtune/2025.0 -- ./test_MMult.x
46 [140102878010240] INFO perfrun.launcher <> - ProcessCreator object was created
47 [140102878010240] INFO perfrun.launcher <> - Launcher: the process was started in suspend mode
47 [140102724478528] WARN perfrun.system <> - Could not do anything with /sys/kernel/debug/kvm: boost::filesystem::status: Permission denied [system:13]: "/sys/kernel/debug/kvm", at file: vcs/perfrun1/plugins/system/src/trace_writer.cpp:787
47 [140102724478528] WARN perfrun.system <> - Folder "/var/run/libvirt/qemu/"doesn't exist, at file: vcs/perfrun1/plugins/system/src/trace_writer.cpp:800
47 [140102724478528] WARN perfrun.sdk <> - Failed to find xl binary on any of the system paths: /bin, /sbin, /usr/bin, /usr/sbin., at file: vcs/perfrun1/sdk/src/utils.cpp:205
47 [140102724478528] WARN perfrun.system <> - Could not start ContainerMapping collector, at file: vcs/perfrun1/plugins/system/src/controller.cpp:450
51 [140102724478528] INFO perfrun.vdso <> - Helper runtool '/opt/intel/oneapi/vtune/2025.0/bin32/amplxe-runss -dump-vdso -r /home/liugu/HowToOptimizeGemm/r009hs --tmp-dir /tmp/amplxe-tmp-liugu' returned 1
94 [140102724478528] INFO perfrun.vdso <> - Helper runtool '/opt/intel/oneapi/vtune/2025.0/bin64/amplxe-runss -dump-vdso -r /home/liugu/HowToOptimizeGemm/r009hs --tmp-dir /tmp/amplxe-tmp-liugu' returned 0
94 [140102724478528] INFO perfrun.itt <> - start itt controller for pid #19590
95 [140102724478528] INFO perfrun.tpss <> - start tpss controller for pid #19590
146 [140102878010240] INFO perfrun.launcher <> - Launcher: all plugins were started
146 [140102878010240] INFO perfrun.launcher <> - DirectoryMonitor object was created
146 [140102878010240] INFO perfrun.launcher <> - DirectoryMonitor: a callback was added
146 [140102878010240] INFO perfrun.launcher <> - DirectoryMonitor was started with pingTime = 1000
146 [140102878010240] INFO perfrun.launcher <> - DeadlineTimer is going to be constructed
146 [140102878010240] INFO perfrun.launcher <> - DeadlineTimer: a callback was added
149 [140102878010240] INFO perfrun.launcher <> - Launcher: resume the profiled application and  wait its termination or stop command
28312 [140102878010240] INFO perfrun.launcher <> - Launcher: the profiled application was terminated  with exit code = 0
28314 [140102724478528] INFO perfrun.itt <> - detach itt controller
28314 [140102724478528] INFO perfrun.itt <> - detach itt controller done
28314 [140102724478528] INFO perfrun.tpss <> - stop tpss controller
28314 [140102724478528] INFO perfrun.sdk <> - De-allocating TMU: /home/liugu/HowToOptimizeGemm/r009hs/data.0/systemcollector-19585-DESKTOP-951MV7V.sc
28314 [140102724478528] INFO perfrun.system <> - closed the system trace file: /home/liugu/HowToOptimizeGemm/r009hs/data.0/systemcollector-19585-DESKTOP-951MV7V.sc
28314 [140102878010240] INFO perfrun.launcher <> - Launcher: all plugins were stopped.
28314 [140102878010240] INFO perfrun.launcher <> - DeadlineTimer is going to be destroyed
28314 [140102878010240] INFO perfrun.launcher <> - DeadlineTimer was destroyed
28314 [140102878010240] INFO perfrun.launcher <> - DirectoryMonitor object was destroyed
28315 [140102878010240] WARN perfrun.launcher <> - Stop command is ignored because it is received when collection is already stopped, at file: vcs/perfrun1/launcher/src/command_handler.cpp:226
28315 [140102878010240] INFO perfrun.launcher <> - Application exit code: 0
28315 [140102878010240] INFO perfrun.launcher <> - Exit code: 0
