0 [139745647205248] INFO perfrun.launcher <> - Launcher main begin
1 [139745647205248] INFO perfrun.launcher <> - MessageCatalogInit finished
1 [139745647205248] INFO perfrun.launcher <> - Launcher instance created
1 [139745647205248] INFO perfrun.launcher <> - argc = 7; cmdline = /opt/intel/oneapi/vtune/2025.0/bin64/amplxe-runss --ui-output-format xml --ui-output-fd 5 --option-file /home/liugu/HowToOptimizeGemm/r004hs/config/runss.options 
18 [139745647205248] INFO perfrun.perfcollector <> - SEP tool path: /opt/intel/oneapi/vtune/2025.0/bin64/sep
27 [139745647205248] INFO perfrun.launcher <> - create msngr2::ICliToolContext
27 [139745647205248] INFO perfrun.launcher <> - create file finder object
27 [139745647205248] INFO perfrun.launcher <> - create a result directory: pattern = /home/liugu/HowToOptimizeGemm/r004hs pid = 4294967295
28 [139745647205248] INFO perfrun.sdk <> - checked that the directory /home/liugu/HowToOptimizeGemm/r004hs is a local directory
28 [139745647205248] INFO perfrun.sdk <> - the directory /home/liugu/HowToOptimizeGemm/r004hs is a local directory with FS type ID 61267
28 [139745647205248] INFO perfrun.launcher <> - create data directory = /home/liugu/HowToOptimizeGemm/r004hs/data.0
28 [139745647205248] INFO perfrun.launcher <> - Creating the master collection flag
30 [139745647205248] INFO perfrun.launcher <> - Done creating the master collection flag
31 [139745493509696] INFO perfrun.launcher <> - plugin [remoteplug] was disabled because it doesn't support the given collection type.
31 [139745493509696] INFO perfrun.sdk <> - Allocating TMU :/home/liugu/HowToOptimizeGemm/r004hs/data.0/systemcollector-13368-DESKTOP-951MV7V.sc
31 [139745493509696] INFO perfrun.system <> - Tpss based collection
31 [139745493509696] INFO perfrun.launcher <> - plugin [ptracecollector] was disabled because it doesn't support the given collection type.
31 [139745493509696] INFO perfrun.launcher <> - plugin [gpu] was disabled because it doesn't support the given collection type.
31 [139745493509696] INFO perfrun.launcher <> - plugin [] was disabled because it doesn't support the given collection type.
31 [139745493509696] INFO perfrun.launcher <> - plugin [] was disabled because it doesn't support the given collection type.
31 [139745493509696] INFO perfrun.launcher <> - plugin [] was disabled because it doesn't support the given collection type.
31 [139745493509696] INFO perfrun.mrte <> - system-wide mode is 0
31 [139745493509696] INFO perfrun.mrte <> - Getting  mrte profiling environment ...
45 [139745493509696] INFO perfrun.mrte <> - INTEL_MRTE_DATA_DIR=/home/liugu/HowToOptimizeGemm/r004hs/data.0
45 [139745493509696] INFO perfrun.mrte <> - INTEL_MRTE_HOST_NAME=DESKTOP-951MV7V
45 [139745493509696] INFO perfrun.mrte <> - JAVA_TOOL_OPTIONS=-agentlib:amplxe_samplingmrte_javaprof_1.0 -Dsun.boot.library.path=/opt/intel/oneapi/vtune/2025.0/lib32/runtime:/opt/intel/oneapi/vtune/2025.0/lib64/runtime
45 [139745493509696] INFO perfrun.mrte <> - LD_LIBRARY_PATH=/opt/intel/oneapi/vtune/2025.0/lib32/runtime:/opt/intel/oneapi/vtune/2025.0/lib64/runtime
45 [139745493509696] INFO perfrun.mrte <> - CORECLR_ENABLE_PROFILING=1
45 [139745493509696] INFO perfrun.mrte <> - CORECLR_PROFILER={AA5E4821-E3B1-479c-B7FF-5AD047D22CED}
45 [139745493509696] INFO perfrun.mrte <> - CORECLR_PROFILER_PATH=/opt/intel/oneapi/vtune/2025.0/lib64/libamplxe_samplingmrte_clrprof_1.0.so
45 [139745493509696] INFO perfrun.mrte <> - INTEL_MRTE_PROFILER_MODE=mixed
45 [139745493509696] INFO perfrun.mrte <> - Data directory: /home/liugu/HowToOptimizeGemm/r004hs/data.0
45 [139745493509696] INFO perfrun.mrte <> - Mrte plugin is initialized
45 [139745493509696] INFO perfrun.launcher <> - plugin [emon] was disabled because it doesn't support the given collection type.
45 [139745493509696] INFO perfrun.launcher <> - plugin [cuscol] was disabled because it doesn't support the given collection type.
45 [139745493509696] INFO perfrun.launcher <> - plugin [stdsrc] was disabled because it doesn't support the given collection type.
45 [139745493509696] INFO perfrun.launcher <> - plugin [sep] was disabled because it doesn't support the given collection type.
45 [139745493509696] INFO perfrun.launcher <> - plugin [vtsspp] was disabled because it doesn't support the given collection type.
45 [139745493509696] INFO perfrun.launcher <> - plugin [perf] was disabled because it doesn't support the given collection type.
45 [139745493509696] INFO perfrun.launcher <> - plugin [aoclprofile] was disabled because it doesn't support the given collection type.
45 [139745493509696] INFO perfrun.tpss <> - initialize tpss controller
46 [139745493509696] INFO perfrun.tpss <> - configure collection mode: value = cpu:counters:nostack
46 [139745493509696] INFO perfrun.tpss <> - configure collection mode: value = cpu:stack
46 [139745493509696] INFO perfrun.tpss <> - default obj-size-min=1024
46 [139745493509696] INFO perfrun.tpss <> - default hash-table-size=0
46 [139745493509696] INFO perfrun.launcher <> - plugin [media] was disabled because it doesn't support the given collection type.
46 [139745493509696] INFO perfrun.launcher <> - plugin [] was disabled because it doesn't support the given collection type.
46 [139745493509696] INFO perfrun.launcher <> - plugin [] was disabled because it doesn't support the given collection type.
46 [139745493509696] INFO perfrun.launcher <> - plugin [parallelfs] was disabled because it doesn't support the given collection type.
46 [139745493509696] INFO perfrun.launcher <> - plugin [power] was disabled because it doesn't support the given collection type.
46 [139745493509696] INFO perfrun.launcher <> - plugin [] was disabled because it doesn't support the given collection type.
46 [139745493509696] INFO perfrun.launcher <> - plugin [ipmwatch] was disabled because it doesn't support the given collection type.
46 [139745493509696] INFO perfrun.launcher <> - plugin [os_counters] was disabled because it doesn't support the given collection type.
46 [139745493509696] INFO perfrun.launcher <> - plugin [l0_metrics] was disabled because it doesn't support the given collection type.
46 [139745647205248] INFO perfrun.launcher <> - set environment variable: LD_LIBRARY_PATH = /opt/intel/oneapi/vtune/2025.0/lib32/runtime:/opt/intel/oneapi/vtune/2025.0/lib64/runtime
46 [139745647205248] INFO perfrun.launcher <> - set environment variable: INTEL_LIBITTNOTIFY32 = /opt/intel/oneapi/vtune/2025.0/lib32/runtime/libittnotify_collector.so
46 [139745647205248] INFO perfrun.launcher <> - set environment variable: INTEL_LIBITTNOTIFY64 = /opt/intel/oneapi/vtune/2025.0/lib64/runtime/libittnotify_collector.so
46 [139745647205248] INFO perfrun.launcher <> - set environment variable: INTEL_ITTNOTIFY_GROUPS = 
46 [139745647205248] INFO perfrun.launcher <> - set environment variable: INTEL_JIT_PROFILER32 = /opt/intel/oneapi/vtune/2025.0/lib32/runtime/libittnotify_collector.so
46 [139745647205248] INFO perfrun.launcher <> - set environment variable: INTEL_JIT_PROFILER64 = /opt/intel/oneapi/vtune/2025.0/lib64/runtime/libittnotify_collector.so
46 [139745647205248] INFO perfrun.launcher <> - set environment variable: CCL_ITT_LEVEL = 1
46 [139745647205248] INFO perfrun.launcher <> - set environment variable: ENABLE_JITPROFILING = 1
47 [139745647205248] INFO perfrun.launcher <> - set environment variable: CL_CONFIG_USE_VTUNE = True
47 [139745647205248] INFO perfrun.launcher <> - set environment variable: KMP_FORKJOIN_FRAMES = 0
47 [139745647205248] INFO perfrun.launcher <> - set environment variable: KMP_FORKJOIN_FRAMES_MODE = 0
47 [139745647205248] INFO perfrun.launcher <> - set environment variable: INTEL_MRTE_DATA_DIR = /home/liugu/HowToOptimizeGemm/r004hs/data.0
47 [139745647205248] INFO perfrun.launcher <> - set environment variable: INTEL_MRTE_HOST_NAME = DESKTOP-951MV7V
47 [139745647205248] INFO perfrun.launcher <> - set environment variable: JAVA_TOOL_OPTIONS = -agentlib:amplxe_samplingmrte_javaprof_1.0 -Dsun.boot.library.path=/opt/intel/oneapi/vtune/2025.0/lib32/runtime:/opt/intel/oneapi/vtune/2025.0/lib64/runtime
47 [139745647205248] INFO perfrun.launcher <> - set environment variable: LD_LIBRARY_PATH = /opt/intel/oneapi/vtune/2025.0/lib32/runtime:/opt/intel/oneapi/vtune/2025.0/lib64/runtime
47 [139745647205248] INFO perfrun.launcher <> - set environment variable: CORECLR_ENABLE_PROFILING = 1
47 [139745647205248] INFO perfrun.launcher <> - set environment variable: CORECLR_PROFILER = {AA5E4821-E3B1-479c-B7FF-5AD047D22CED}
47 [139745647205248] INFO perfrun.launcher <> - set environment variable: CORECLR_PROFILER_PATH = /opt/intel/oneapi/vtune/2025.0/lib64/libamplxe_samplingmrte_clrprof_1.0.so
47 [139745647205248] INFO perfrun.launcher <> - set environment variable: INTEL_MRTE_PROFILER_MODE = mixed
47 [139745647205248] INFO perfrun.launcher <> - RpcServer: run RPC server to handle requests
48 [139745647205248] INFO perfrun.launcher <> - Launcher: command line to start before modification = ./test_MMult.x
48 [139745647205248] INFO perfrun.launcher <> - Launcher: command line to start after modification = /opt/intel/oneapi/vtune/2025.0/bin64/pin -error_file /home/liugu/HowToOptimizeGemm/r004hs/data.0/pinerr.tpsslog -detach_reattach -follow_execv -tool_load_option deepbind -t64 /opt/intel/oneapi/vtune/2025.0/lib64/libtpsstool.so -t /opt/intel/oneapi/vtune/2025.0/lib32/libtpsstool.so -server_name tpss_ipc.13368 -prd_dir /opt/intel/oneapi/vtune/2025.0 -- ./test_MMult.x
48 [139745647205248] INFO perfrun.launcher <> - ProcessCreator object was created
48 [139745647205248] INFO perfrun.launcher <> - Launcher: the process was started in suspend mode
49 [139745493509696] WARN perfrun.system <> - Could not do anything with /sys/kernel/debug/kvm: boost::filesystem::status: Permission denied [system:13]: "/sys/kernel/debug/kvm", at file: vcs/perfrun1/plugins/system/src/trace_writer.cpp:787
49 [139745493509696] WARN perfrun.system <> - Folder "/var/run/libvirt/qemu/"doesn't exist, at file: vcs/perfrun1/plugins/system/src/trace_writer.cpp:800
49 [139745493509696] WARN perfrun.sdk <> - Failed to find xl binary on any of the system paths: /bin, /sbin, /usr/bin, /usr/sbin., at file: vcs/perfrun1/sdk/src/utils.cpp:205
50 [139745493509696] WARN perfrun.system <> - Could not start ContainerMapping collector, at file: vcs/perfrun1/plugins/system/src/controller.cpp:450
54 [139745493509696] INFO perfrun.vdso <> - Helper runtool '/opt/intel/oneapi/vtune/2025.0/bin32/amplxe-runss -dump-vdso -r /home/liugu/HowToOptimizeGemm/r004hs --tmp-dir /tmp/amplxe-tmp-liugu' returned 1
102 [139745493509696] INFO perfrun.vdso <> - Helper runtool '/opt/intel/oneapi/vtune/2025.0/bin64/amplxe-runss -dump-vdso -r /home/liugu/HowToOptimizeGemm/r004hs --tmp-dir /tmp/amplxe-tmp-liugu' returned 0
103 [139745493509696] INFO perfrun.itt <> - start itt controller for pid #13373
103 [139745493509696] INFO perfrun.tpss <> - start tpss controller for pid #13373
153 [139745647205248] INFO perfrun.launcher <> - Launcher: all plugins were started
153 [139745647205248] INFO perfrun.launcher <> - DirectoryMonitor object was created
153 [139745647205248] INFO perfrun.launcher <> - DirectoryMonitor: a callback was added
153 [139745647205248] INFO perfrun.launcher <> - DirectoryMonitor was started with pingTime = 1000
153 [139745647205248] INFO perfrun.launcher <> - DeadlineTimer is going to be constructed
154 [139745647205248] INFO perfrun.launcher <> - DeadlineTimer: a callback was added
156 [139745647205248] INFO perfrun.launcher <> - Launcher: resume the profiled application and  wait its termination or stop command
39101 [139745647205248] INFO perfrun.launcher <> - Launcher: the profiled application was terminated  with exit code = 0
39103 [139745493509696] INFO perfrun.itt <> - detach itt controller
39103 [139745493509696] INFO perfrun.itt <> - detach itt controller done
39103 [139745493509696] INFO perfrun.tpss <> - stop tpss controller
39104 [139745493509696] INFO perfrun.sdk <> - De-allocating TMU: /home/liugu/HowToOptimizeGemm/r004hs/data.0/systemcollector-13368-DESKTOP-951MV7V.sc
39104 [139745493509696] INFO perfrun.system <> - closed the system trace file: /home/liugu/HowToOptimizeGemm/r004hs/data.0/systemcollector-13368-DESKTOP-951MV7V.sc
39104 [139745647205248] INFO perfrun.launcher <> - Launcher: all plugins were stopped.
39104 [139745647205248] INFO perfrun.launcher <> - DeadlineTimer is going to be destroyed
39104 [139745647205248] INFO perfrun.launcher <> - DeadlineTimer was destroyed
39104 [139745647205248] INFO perfrun.launcher <> - DirectoryMonitor object was destroyed
39104 [139745647205248] WARN perfrun.launcher <> - Stop command is ignored because it is received when collection is already stopped, at file: vcs/perfrun1/launcher/src/command_handler.cpp:226
39105 [139745647205248] INFO perfrun.launcher <> - Application exit code: 0
39105 [139745647205248] INFO perfrun.launcher <> - Exit code: 0
